<?xml version="1.0" encoding="UTF-8"?>
<!-- Generated by org.testng.reporters.JUnitXMLReporter -->
<testsuite ignored="0" hostname="DESKTOP-LHOOHKV" failures="0" tests="2" name="Default test" time="86.565" errors="0" timestamp="2024-08-13T21:56:08 IST">
  <testcase classname="tendableV01.com.BaseClassTendable" name="testMarketingContactFormValidation" time="50.201"/>
  <testcase classname="tendableV01.com.BaseClassTendable" name="testMenuAccessibilityAndRequestDemoButton" time="0.018"/>
</testsuite> <!-- Default test -->
